Removed Pin From Net: NetName=NetP1_0 Pin=P1-0
Removed Pin From Net: NetName=GND Pin=P1-1
Removed Pin From Net: NetName=NetD2_1 Pin=P2-0
Removed Pin From Net: NetName=GND Pin=P2-1
Removed Pin From Net: NetName=NetP3_0 Pin=P3-0
Removed Pin From Net: NetName=GND Pin=P3-1
Removed Pin From Net: NetName=NetD1_2 Pin=P4-0
Removed Pin From Net: NetName=GND Pin=P4-1
Removed Member From Class: ClassName=Sheet2 Member=P1
Removed Member From Class: ClassName=Sheet2 Member=P2
Removed Member From Class: ClassName=Sheet2 Member=P3
Removed Member From Class: ClassName=Sheet2 Member=P4
Added Component: Designator=IN1(∫∏≈Ã2P)
Added Component: Designator=IN2(∫∏≈Ã2P)
Added Component: Designator=OUT1(∫∏≈Ã2P)
Added Component: Designator=OUT2(∫∏≈Ã2P)
Added Pin To Net: NetName=NetP1_0 Pin=IN1-0
Added Pin To Net: NetName=GND Pin=IN1-1
Added Pin To Net: NetName=NetP3_0 Pin=IN2-0
Added Pin To Net: NetName=GND Pin=IN2-1
Added Pin To Net: NetName=NetD2_1 Pin=OUT1-0
Added Pin To Net: NetName=GND Pin=OUT1-1
Added Pin To Net: NetName=NetD1_2 Pin=OUT2-0
Added Pin To Net: NetName=GND Pin=OUT2-1
Change Net Name : Old Net Name=NetP1_0 New Net Name=NetIN1_0
Change Net Name : Old Net Name=NetP3_0 New Net Name=NetIN2_0
Added Member To Class: ClassName=Sheet2 Member=Component IN1 
Added Member To Class: ClassName=Sheet2 Member=Component IN2 
Added Member To Class: ClassName=Sheet2 Member=Component OUT1 
Added Member To Class: ClassName=Sheet2 Member=Component OUT2 
Added Room: Name=Sheet2
