Removed Pin From Net: NetName=NetD3_1 Pin=P3-0
Removed Pin From Net: NetName=NetD1_1 Pin=P4-0
Removed Pin From Net: NetName=NetD4_2 Pin=Q1-3
Removed Pin From Net: NetName=NetD4_2 Pin=Q2-3
Removed Pin From Net: NetName=NetD1_2 Pin=Q3-3
Removed Pin From Net: NetName=NetD1_2 Pin=Q4-1
Change Component Comment : Designator=D? Old Comment=D Schottky-SMA New Comment=SS54
Change Component Designator: OldDesignator=D? NewDesignator=D1
Added Component: Designator=D2(SMA(DO-214AC)_S2)
Added Component: Designator=D3(SMA(DO-214AC)_S2)
Added Component: Designator=D4(SMA(DO-214AC)_S2)
Added Pin To Net: NetName=24V Pin=D1-1
Added Pin To Net: NetName=NetD1_2 Pin=D1-2
Added Pin To Net: NetName=NetD4_2 Pin=D2-1
Added Pin To Net: NetName=NetCAP_1 Pin=D2-2
Added Pin To Net: NetName=NetD3_1 Pin=D3-1
Added Pin To Net: NetName=NetD1_1 Pin=D3-2
Added Pin To Net: NetName=NetD3_1 Pin=D4-1
Added Pin To Net: NetName=NetD1_1 Pin=D4-2
Added Pin To Net: NetName=NetD4_2 Pin=P3-0
Added Pin To Net: NetName=NetD3_1 Pin=P4-0
Added Pin To Net: NetName=NetD1_2 Pin=Q1-3
Added Pin To Net: NetName=NetD1_2 Pin=Q2-3
Added Pin To Net: NetName=NetD1_1 Pin=Q3-3
Added Pin To Net: NetName=NetD1_1 Pin=Q4-1
Change Net Name : Old Net Name=NetD1_1 New Net Name=NetD3_2
Change Net Name : Old Net Name=NetD4_2 New Net Name=NetD2_1
Added Member To Class: ClassName=Sheet2 Member=Component D1 SS54
Added Member To Class: ClassName=Sheet2 Member=Component D2 SS54
Added Member To Class: ClassName=Sheet2 Member=Component D3 SS54
Added Member To Class: ClassName=Sheet2 Member=Component D4 SS54
Added Room: Name=Sheet2
