Removed Pin From Net: NetName=A1 Pin=P0-1
Removed Pin From Net: NetName=A2 Pin=P0-2
Removed Pin From Net: NetName=GND Pin=P0-3
Removed Pin From Net: NetName=Net1_3 Pin=R4-1
Removed Pin From Net: NetName=NetQ2_2 Pin=R4-2
Removed Pin From Net: NetName=Net2_3 Pin=R5-1
Removed Pin From Net: NetName=NetQ3_2 Pin=R5-2
Removed Pin From Net: NetName=Net1_1 Pin=R7-1
Removed Pin From Net: NetName=A1 Pin=R7-2
Removed Pin From Net: NetName=Net2_1 Pin=R8-1
Removed Pin From Net: NetName=A2 Pin=R8-2
Removed Member From Class: ClassName=Sheet2 Member=P0
Change Component Designator: OldDesignator= NewDesignator=大功率
Added Component: Designator=3(SOT-23R)
Added Component: Designator=P3(端口2P)
Added Component: Designator=P4(端口4P)
Added Pin To Net: NetName=NetCAP_1 Pin=3-3
Added Pin To Net: NetName=GND Pin=P3-1
Added Pin To Net: NetName=A1 Pin=P4-1
Added Pin To Net: NetName=A2 Pin=P4-2
Added Pin To Net: NetName=GND Pin=P4-3
Added Pin To Net: NetName=Net2_3 Pin=R4-1
Added Pin To Net: NetName=NetQ3_2 Pin=R4-2
Added Pin To Net: NetName=Net1_1 Pin=R5-1
Added Pin To Net: NetName=A1 Pin=R5-2
Added Pin To Net: NetName=24V Pin=R7-2
Added Pin To Net: NetName=GND Pin=R8-2
Change Net Name : Old Net Name=NetCAP_1 New Net Name=Net3_3
Added Pin To Net: NetName=A3 Pin=P3-0
Added Pin To Net: NetName=A3 Pin=P4-4
Added Net: Name=A3
Added Pin To Net: NetName=Net3_1 Pin=3-1
Added Pin To Net: NetName=Net3_1 Pin=R7-1
Added Pin To Net: NetName=Net3_1 Pin=R8-1
Added Net: Name=Net3_1
Added Pin To Net: NetName=Net3_2 Pin=3-2
Added Net: Name=Net3_2
Added Member To Class: ClassName=Sheet2 Member=Component 3 
Added Member To Class: ClassName=Sheet2 Member=Component P3 端口2P
Added Member To Class: ClassName=Sheet2 Member=Component P4 端口4P
Added Member To Class: ClassName=Sheet2 Member=Component 大功率 5w 200R
Added Room: Name=Sheet2
