Removed Pin From Net: NetName=A3 Pin=-3
Removed Pin From Net: NetName=GND Pin=3-2
Removed Pin From Net: NetName=NetP1_0 Pin=IN1-0
Removed Pin From Net: NetName=GND Pin=IN1-1
Removed Pin From Net: NetName=GND Pin=IN2-1
Removed Pin From Net: NetName=NetD2_1 Pin=OUT1-0
Removed Pin From Net: NetName=GND Pin=OUT1-1
Removed Pin From Net: NetName=GND Pin=OUT2-1
Removed Pin From Net: NetName=NetD1_2 Pin=Q1-3
Removed Pin From Net: NetName=24V Pin=R3-2
Removed Pin From Net: NetName=A3 Pin=R9-2
Removed Pin From Net: NetName=GND Pin=R12-2
Removed Member From Class: ClassName=Sheet2 Member=3
Removed Member From Class: ClassName=Sheet2 Member=IN1
Removed Member From Class: ClassName=Sheet2 Member=IN2
Removed Member From Class: ClassName=Sheet2 Member=OUT1
Removed Member From Class: ClassName=Sheet2 Member=OUT2
Removed Member From Class: ClassName=Sheet2 Member=Q1
Removed Member From Class: ClassName=Sheet2 Member=R3
Removed Member From Class: ClassName=Sheet2 Member=R6
Removed Member From Class: ClassName=Sheet2 Member=R9
Removed Member From Class: ClassName=Sheet2 Member=R12
Change Component Designator: OldDesignator= NewDesignator=P0
Added Component: Designator=P1(∫∏≈Ã2P)
Added Component: Designator=P2(∫∏≈Ã2P)
Added Component: Designator=P3(∫∏≈Ã2P)
Added Component: Designator=P4(∫∏≈Ã2P)
Added Pin To Net: NetName=NetD1_2 Pin=M-1
Added Pin To Net: NetName=GND Pin=P0-3
Added Pin To Net: NetName=NetP1_0 Pin=P1-0
Added Pin To Net: NetName=GND Pin=P1-1
Added Pin To Net: NetName=NetD2_1 Pin=P2-0
Added Pin To Net: NetName=GND Pin=P2-1
Added Pin To Net: NetName=A3 Pin=P3-0
Added Pin To Net: NetName=GND Pin=P3-1
Added Pin To Net: NetName=NetD1_2 Pin=P4-0
Added Pin To Net: NetName=GND Pin=P4-1
Added Pin To Net: NetName=A3 Pin=Q3-1
Change Net Name : Old Net Name=A3 New Net Name=NetP3_0
Added Member To Class: ClassName=Sheet2 Member=Component P0 ∂Àø⁄3p
Added Member To Class: ClassName=Sheet2 Member=Component P1 IN1
Added Member To Class: ClassName=Sheet2 Member=Component P2 OUT1
Added Member To Class: ClassName=Sheet2 Member=Component P3 IN2
Added Member To Class: ClassName=Sheet2 Member=Component P4 OUT2
Added Room: Name=Sheet2
